# JRE version: Java(TM) SE Runtime Environment (17.0.12+8) (build 17.0.12+8-LTS-286)
# Java VM: Java HotSpot(TM) 64-Bit Server VM (17.0.12+8-LTS-286, mixed mode, sharing, tiered, compressed oops, compressed class ptrs, g1 gc, windows-amd64)
GC Precious Log:
 CPUs: 16 total, 16 available
 Memory: 7863M
 Large Page Support: Disabled
 NUMA Support: Disabled
 Compressed Oops: Enabled (32-bit)
 Heap Region Size: 1M
 Heap Min Capacity: 8M
 Heap Initial Capacity: 124M
 Heap Max Capacity: 1966M
 Pre-touch: Disabled
 Parallel Workers: 13
 Concurrent Workers: 3
 Concurrent Refinement Workers: 13
 Periodic GC: Disabled
Heap:
 garbage-first heap   total 68608K, used 38466K [0x0000000085200000, 0x0000000100000000)
  region size 1024K, 1 young (1024K), 1 survivors (1024K)
 Metaspace       used 90285K, committed 90880K, reserved 1179648K
  class space    used 12496K, committed 12736K, reserved 1048576K
GC Heap History (20 events):
Event: 15.760 GC heap after
{Heap after GC invocations=19 (full 0):
 garbage-first heap   total 66560K, used 31868K [0x0000000085200000, 0x0000000100000000)
  region size 1024K, 4 young (4096K), 4 survivors (4096K)
 Metaspace       used 72776K, committed 73344K, reserved 1114112K
  class space    used 9942K, committed 10176K, reserved 1048576K
}
Event: 16.321 GC heap before
{Heap before GC invocations=19 (full 0):
 garbage-first heap   total 66560K, used 52348K [0x0000000085200000, 0x0000000100000000)
  region size 1024K, 24 young (24576K), 4 survivors (4096K)
 Metaspace       used 75440K, committed 76096K, reserved 1179648K
  class space    used 10333K, committed 10624K, reserved 1048576K
}
Event: 16.326 GC heap after
{Heap after GC invocations=20 (full 0):
 garbage-first heap   total 66560K, used 33621K [0x0000000085200000, 0x0000000100000000)
  region size 1024K, 2 young (2048K), 2 survivors (2048K)
 Metaspace       used 75440K, committed 76096K, reserved 1179648K
  class space    used 10333K, committed 10624K, reserved 1048576K
}
Event: 30.468 GC heap before
{Heap before GC invocations=20 (full 0):
 garbage-first heap   total 66560K, used 52053K [0x0000000085200000, 0x0000000100000000)
  region size 1024K, 21 young (21504K), 2 survivors (2048K)
 Metaspace       used 78687K, committed 79296K, reserved 1179648K
  class space    used 10776K, committed 11072K, reserved 1048576K
}
Event: 30.475 GC heap after
{Heap after GC invocations=21 (full 0):
 garbage-first heap   total 66560K, used 35371K [0x0000000085200000, 0x0000000100000000)
  region size 1024K, 2 young (2048K), 2 survivors (2048K)
 Metaspace       used 78687K, committed 79296K, reserved 1179648K
  class space    used 10776K, committed 11072K, reserved 1048576K
}
Event: 36.580 GC heap before
{Heap before GC invocations=22 (full 0):
 garbage-first heap   total 66560K, used 52779K [0x0000000085200000, 0x0000000100000000)
  region size 1024K, 20 young (20480K), 2 survivors (2048K)
 Metaspace       used 82934K, committed 83520K, reserved 1179648K
  class space    used 11489K, committed 11776K, reserved 1048576K
}
Event: 36.583 GC heap after
{Heap after GC invocations=23 (full 0):
 garbage-first heap   total 66560K, used 36034K [0x0000000085200000, 0x0000000100000000)
  region size 1024K, 1 young (1024K), 1 survivors (1024K)
 Metaspace       used 82934K, committed 83520K, reserved 1179648K
  class space    used 11489K, committed 11776K, reserved 1048576K
}
Event: 57.029 GC heap before
{Heap before GC invocations=23 (full 0):
 garbage-first heap   total 66560K, used 38082K [0x0000000085200000, 0x0000000100000000)
  region size 1024K, 3 young (3072K), 1 survivors (1024K)
 Metaspace       used 83152K, committed 83712K, reserved 1179648K
  class space    used 11515K, committed 11776K, reserved 1048576K
}
Event: 57.033 GC heap after
{Heap after GC invocations=24 (full 0):
 garbage-first heap   total 66560K, used 36170K [0x0000000085200000, 0x0000000100000000)
  region size 1024K, 1 young (1024K), 1 survivors (1024K)
 Metaspace       used 83152K, committed 83712K, reserved 1179648K
  class space    used 11515K, committed 11776K, reserved 1048576K
}
Event: 66.427 GC heap before
{Heap before GC invocations=24 (full 0):
 garbage-first heap   total 66560K, used 53578K [0x0000000085200000, 0x0000000100000000)
  region size 1024K, 19 young (19456K), 1 survivors (1024K)
 Metaspace       used 86709K, committed 87360K, reserved 1179648K
  class space    used 12007K, committed 12288K, reserved 1048576K
}
Event: 66.430 GC heap after
{Heap after GC invocations=25 (full 0):
 garbage-first heap   total 66560K, used 37672K [0x0000000085200000, 0x0000000100000000)
  region size 1024K, 2 young (2048K), 2 survivors (2048K)
 Metaspace       used 86709K, committed 87360K, reserved 1179648K
  class space    used 12007K, committed 12288K, reserved 1048576K
}
Event: 215.762 GC heap before
{Heap before GC invocations=26 (full 0):
 garbage-first heap   total 66560K, used 55080K [0x0000000085200000, 0x0000000100000000)
  region size 1024K, 19 young (19456K), 2 survivors (2048K)
 Metaspace       used 89620K, committed 90240K, reserved 1179648K
  class space    used 12409K, committed 12672K, reserved 1048576K
}
Event: 215.820 GC heap after
{Heap after GC invocations=27 (full 0):
 garbage-first heap   total 66560K, used 38950K [0x0000000085200000, 0x0000000100000000)
  region size 1024K, 3 young (3072K), 3 survivors (3072K)
 Metaspace       used 89620K, committed 90240K, reserved 1179648K
  class space    used 12409K, committed 12672K, reserved 1048576K
}
Event: 238.164 GC heap before
{Heap before GC invocations=27 (full 0):
 garbage-first heap   total 66560K, used 39974K [0x0000000085200000, 0x0000000100000000)
  region size 1024K, 4 young (4096K), 3 survivors (3072K)
 Metaspace       used 89628K, committed 90240K, reserved 1179648K
  class space    used 12409K, committed 12672K, reserved 1048576K
}
Event: 238.201 GC heap after
{Heap after GC invocations=28 (full 0):
 garbage-first heap   total 66560K, used 38750K [0x0000000085200000, 0x0000000100000000)
  region size 1024K, 1 young (1024K), 1 survivors (1024K)
 Metaspace       used 89628K, committed 90240K, reserved 1179648K
  class space    used 12409K, committed 12672K, reserved 1048576K
}
Event: 533.414 GC heap before
{Heap before GC invocations=28 (full 0):
 garbage-first heap   total 66560K, used 54110K [0x0000000085200000, 0x0000000100000000)
  region size 1024K, 16 young (16384K), 1 survivors (1024K)
 Metaspace       used 90282K, committed 90880K, reserved 1179648K
  class space    used 12496K, committed 12736K, reserved 1048576K
}
Event: 534.813 GC heap after
{Heap after GC invocations=29 (full 0):
 garbage-first heap   total 66560K, used 38870K [0x0000000085200000, 0x0000000100000000)
  region size 1024K, 1 young (1024K), 1 survivors (1024K)
 Metaspace       used 90282K, committed 90880K, reserved 1179648K
  class space    used 12496K, committed 12736K, reserved 1048576K
}
Event: 597.964 GC heap before
{Heap before GC invocations=30 (full 0):
 garbage-first heap   total 68608K, used 40918K [0x0000000085200000, 0x0000000100000000)
  region size 1024K, 3 young (3072K), 1 survivors (1024K)
 Metaspace       used 90284K, committed 90880K, reserved 1179648K
  class space    used 12496K, committed 12736K, reserved 1048576K
}
Event: 600.229 GC heap after
{Heap after GC invocations=31 (full 0):
 garbage-first heap   total 68608K, used 38832K [0x0000000085200000, 0x0000000100000000)
  region size 1024K, 1 young (1024K), 1 survivors (1024K)
 Metaspace       used 90284K, committed 90880K, reserved 1179648K
  class space    used 12496K, committed 12736K, reserved 1048576K
}
Event: 652.001 GC heap before
{Heap before GC invocations=31 (full 0):
 garbage-first heap   total 68608K, used 40880K [0x0000000085200000, 0x0000000100000000)
  region size 1024K, 3 young (3072K), 1 survivors (1024K)
 Metaspace       used 90285K, committed 90880K, reserved 1179648K
  class space    used 12496K, committed 12736K, reserved 1048576K
}

